GROUP,PACKAGE,CLASS,INSTRUCTION_MISSED,INSTRUCTION_COVERED,BRANCH_MISSED,BRANCH_COVERED,LINE_MISSED,LINE_COVERED,COMPLEXITY_MISSED,COMPLEXITY_COVERED,METHOD_MISSED,METHOD_COVERED
Dependency-Check Maven Plugin/dependency-check-core,org.owasp.dependencycheck.data.central,CentralSearch,73,274,6,18,13,61,6,10,0,4
Dependency-Check Maven Plugin/dependency-check-core,org.owasp.dependencycheck.dependency,EvidenceCollection.new Filter() {...},0,11,0,2,0,2,0,3,0,2
Dependency-Check Maven Plugin/dependency-check-core,org.owasp.dependencycheck.dependency,EvidenceCollection.new Filter() {...},0,11,0,2,0,2,0,3,0,2
Dependency-Check Maven Plugin/dependency-check-core,org.owasp.dependencycheck.dependency,EvidenceCollection.new Filter() {...},0,11,0,2,0,2,0,3,0,2
Dependency-Check Maven Plugin/dependency-check-core,org.owasp.dependencycheck.dependency,EvidenceCollection.new Filter() {...},0,11,0,2,0,2,0,3,0,2
Dependency-Check Maven Plugin/dependency-check-core,org.owasp.dependencycheck.dependency,VulnerableSoftware,99,404,16,64,27,87,21,42,7,16
Dependency-Check Maven Plugin/dependency-check-core,org.owasp.dependencycheck.dependency,Identifier,35,110,3,3,15,31,9,13,6,13
Dependency-Check Maven Plugin/dependency-check-core,org.owasp.dependencycheck.dependency,Confidence,0,44,0,0,0,5,0,1,0,1
Dependency-Check Maven Plugin/dependency-check-core,org.owasp.dependencycheck.dependency,Evidence,102,112,24,6,30,24,22,8,7,8
Dependency-Check Maven Plugin/dependency-check-core,org.owasp.dependencycheck.dependency,EvidenceCollection,139,325,28,28,33,80,25,27,2,15
Dependency-Check Maven Plugin/dependency-check-core,org.owasp.dependencycheck.dependency,Vulnerability.Source,0,34,0,0,0,4,0,1,0,1
Dependency-Check Maven Plugin/dependency-check-core,org.owasp.dependencycheck.dependency,EvidenceType,0,34,0,0,0,4,0,1,0,1
Dependency-Check Maven Plugin/dependency-check-core,org.owasp.dependencycheck.dependency,Vulnerability,95,280,13,13,23,91,15,45,5,42
Dependency-Check Maven Plugin/dependency-check-core,org.owasp.dependencycheck.dependency,Dependency,198,663,29,35,48,181,37,59,10,54
Dependency-Check Maven Plugin/dependency-check-core,org.owasp.dependencycheck.dependency,Dependency.new Dependency.HashingFunction() {...},3,3,0,0,1,1,1,1,1,1
Dependency-Check Maven Plugin/dependency-check-core,org.owasp.dependencycheck.dependency,Dependency.new Dependency.HashingFunction() {...},3,3,0,0,1,1,1,1,1,1
Dependency-Check Maven Plugin/dependency-check-core,org.owasp.dependencycheck.dependency,Dependency.new Dependency.HashingFunction() {...},3,3,0,0,1,1,1,1,1,1
Dependency-Check Maven Plugin/dependency-check-core,org.owasp.dependencycheck.dependency,Reference,86,84,25,3,11,20,16,9,2,9
Dependency-Check Maven Plugin/dependency-check-core,org.owasp.dependencycheck.data.composer,ComposerDependency,118,0,28,0,22,0,20,0,6,0
Dependency-Check Maven Plugin/dependency-check-core,org.owasp.dependencycheck.data.composer,ComposerLockParser,170,0,14,0,38,0,11,0,4,0
Dependency-Check Maven Plugin/dependency-check-core,org.owasp.dependencycheck.data.composer,ComposerException,12,0,0,0,6,0,3,0,3,0
Dependency-Check Maven Plugin/dependency-check-core,org.owasp.dependencycheck.xml.pom,PomUtils,160,25,7,1,41,8,5,3,1,3
Dependency-Check Maven Plugin/dependency-check-core,org.owasp.dependencycheck.xml.pom,PomProjectInputStream,2,154,2,14,2,31,2,11,0,5
Dependency-Check Maven Plugin/dependency-check-core,org.owasp.dependencycheck.xml.pom,PomParseException,16,0,0,0,8,0,4,0,4,0
Dependency-Check Maven Plugin/dependency-check-core,org.owasp.dependencycheck.xml.pom,Model,12,187,1,5,2,55,1,29,0,27
Dependency-Check Maven Plugin/dependency-check-core,org.owasp.dependencycheck.xml.pom,Model.PropertyLookup,11,0,0,0,4,0,2,0,2,0
Dependency-Check Maven Plugin/dependency-check-core,org.owasp.dependencycheck.xml.pom,PomParser,41,71,1,1,9,16,1,4,0,4
Dependency-Check Maven Plugin/dependency-check-core,org.owasp.dependencycheck.xml.pom,PomHandler,0,214,6,33,0,52,6,24,0,5
Dependency-Check Maven Plugin/dependency-check-core,org.owasp.dependencycheck.xml.pom,License,102,17,20,0,17,8,14,5,4,5
Dependency-Check Maven Plugin/dependency-check-core,org.owasp.dependencycheck.data.nodeaudit,NpmAuditParser,203,0,14,0,42,0,11,0,4,0
Dependency-Check Maven Plugin/dependency-check-core,org.owasp.dependencycheck.data.nodeaudit,NodeAuditSearch,225,0,11,0,52,0,10,0,4,0
Dependency-Check Maven Plugin/dependency-check-core,org.owasp.dependencycheck.data.nodeaudit,SanitizePackage,98,0,4,0,21,0,3,0,1,0
Dependency-Check Maven Plugin/dependency-check-core,org.owasp.dependencycheck.data.nodeaudit,Advisory,122,0,0,0,52,0,35,0,35,0
Dependency-Check Maven Plugin/dependency-check-core,org.owasp.dependencycheck.exception,NoDataException,16,0,0,0,8,0,4,0,4,0
Dependency-Check Maven Plugin/dependency-check-core,org.owasp.dependencycheck.exception,ScanAgentException,16,0,0,0,8,0,4,0,4,0
Dependency-Check Maven Plugin/dependency-check-core,org.owasp.dependencycheck.exception,ReportException,16,0,0,0,8,0,4,0,4,0
Dependency-Check Maven Plugin/dependency-check-core,org.owasp.dependencycheck.exception,DependencyNotFoundException,16,0,0,0,8,0,4,0,4,0
Dependency-Check Maven Plugin/dependency-check-core,org.owasp.dependencycheck.exception,ExceptionCollection,159,51,6,4,47,13,16,4,12,3
Dependency-Check Maven Plugin/dependency-check-core,org.owasp.dependencycheck.exception,H2DBLockException,16,0,0,0,8,0,4,0,4,0
Dependency-Check Maven Plugin/dependency-check-core,org.owasp.dependencycheck.exception,InitializationException,35,11,0,0,11,4,5,2,5,2
Dependency-Check Maven Plugin/dependency-check-core,org.owasp.dependencycheck.reporting,ReportGenerator,166,527,24,51,40,128,22,33,0,13
Dependency-Check Maven Plugin/dependency-check-core,org.owasp.dependencycheck.reporting,EscapeTool,28,274,20,56,13,70,20,30,0,12
Dependency-Check Maven Plugin/dependency-check-core,org.owasp.dependencycheck.reporting,ReportGenerator.Format,0,64,0,0,0,7,0,1,0,1
Dependency-Check Maven Plugin/dependency-check-core,org.owasp.dependencycheck.reporting,VelocityLoggerRedirect,47,21,10,2,20,10,10,6,1,5
Dependency-Check Maven Plugin/dependency-check-core,org.owasp.dependencycheck.data.cwe,App,176,0,8,0,35,0,7,0,3,0
Dependency-Check Maven Plugin/dependency-check-core,org.owasp.dependencycheck.data.cwe,CweDB,21,33,1,1,9,8,1,3,0,3
Dependency-Check Maven Plugin/dependency-check-core,org.owasp.dependencycheck.data.cwe,CweHandler,41,0,4,0,8,0,5,0,3,0
Dependency-Check Maven Plugin/dependency-check-core,org.owasp.dependencycheck.data.update,NvdCveUpdater.TimestampRetriever,0,35,0,0,0,8,0,2,0,2
Dependency-Check Maven Plugin/dependency-check-core,org.owasp.dependencycheck.data.update,UpdateService,0,12,0,0,0,4,0,2,0,2
Dependency-Check Maven Plugin/dependency-check-core,org.owasp.dependencycheck.data.update,EngineVersionCheck,66,212,14,16,25,52,17,6,3,5
Dependency-Check Maven Plugin/dependency-check-core,org.owasp.dependencycheck.data.update,RetireJSDataSource,55,205,10,12,15,44,11,6,1,5
Dependency-Check Maven Plugin/dependency-check-core,org.owasp.dependencycheck.data.update,NvdCveUpdater,288,589,40,50,69,137,29,29,0,13
Dependency-Check Maven Plugin/dependency-check-core,org.owasp.dependencycheck.data.lucene,UrlTokenizingFilter,15,72,1,9,4,17,1,7,0,3
Dependency-Check Maven Plugin/dependency-check-core,org.owasp.dependencycheck.data.lucene,AlphaNumericFilter,57,112,7,13,18,27,6,10,2,4
Dependency-Check Maven Plugin/dependency-check-core,org.owasp.dependencycheck.data.lucene,DependencySimilarity,5,0,0,0,2,0,2,0,2,0
Dependency-Check Maven Plugin/dependency-check-core,org.owasp.dependencycheck.data.lucene,LuceneUtils,21,27,4,6,7,7,4,3,1,1
Dependency-Check Maven Plugin/dependency-check-core,org.owasp.dependencycheck.data.lucene,TokenPairConcatenatingFilter,65,97,7,9,20,27,6,7,2,3
Dependency-Check Maven Plugin/dependency-check-core,org.owasp.dependencycheck.data.lucene,AbstractTokenizingFilter,0,51,0,4,0,15,0,7,0,5
Dependency-Check Maven Plugin/dependency-check-core,org.owasp.dependencycheck.data.lucene,AlphaNumericTokenizer,17,0,4,0,5,0,5,0,3,0
Dependency-Check Maven Plugin/dependency-check-core,org.owasp.dependencycheck.data.lucene,SearchFieldAnalyzer,0,116,0,0,0,18,0,5,0,5
Dependency-Check Maven Plugin/dependency-check-core,org.owasp.dependencycheck.data.nvdcve,CveDB,419,1426,36,144,115,360,34,89,2,31
Dependency-Check Maven Plugin/dependency-check-core,org.owasp.dependencycheck.data.nvdcve,ConnectionFactory,317,360,27,21,72,109,22,15,1,12
Dependency-Check Maven Plugin/dependency-check-core,org.owasp.dependencycheck.data.nvdcve,DatabaseException,13,0,0,0,6,0,3,0,3,0
Dependency-Check Maven Plugin/dependency-check-core,org.owasp.dependencycheck.data.nvdcve,DriverShim,112,22,14,0,25,5,16,3,9,3
Dependency-Check Maven Plugin/dependency-check-core,org.owasp.dependencycheck.data.nvdcve,CveDB.PreparedStatementCveDb,0,224,0,0,0,23,0,1,0,1
Dependency-Check Maven Plugin/dependency-check-core,org.owasp.dependencycheck.data.nvdcve,DriverLoader,166,33,10,0,32,11,6,4,1,4
Dependency-Check Maven Plugin/dependency-check-core,org.owasp.dependencycheck.data.nvdcve,DriverLoader.new PrivilegedAction() {...},23,0,0,0,2,0,2,0,2,0
Dependency-Check Maven Plugin/dependency-check-core,org.owasp.dependencycheck.data.nvdcve,DatabaseProperties,16,127,3,9,4,29,3,12,0,9
Dependency-Check Maven Plugin/dependency-check-core,org.owasp.dependencycheck.data.nvdcve,CorruptDatabaseException,9,0,0,0,4,0,2,0,2,0
Dependency-Check Maven Plugin/dependency-check-core,org.owasp.dependencycheck.data.nvdcve,DriverLoadException,13,0,0,0,6,0,3,0,3,0
Dependency-Check Maven Plugin/dependency-check-core,org.owasp.dependencycheck.data.update.exception,UpdateException,16,0,0,0,8,0,4,0,4,0
Dependency-Check Maven Plugin/dependency-check-core,org.owasp.dependencycheck.data.update.exception,InvalidDataException,9,0,0,0,4,0,2,0,2,0
Dependency-Check Maven Plugin/dependency-check-core,org.owasp.dependencycheck,Engine.Mode,0,103,0,0,0,10,0,4,0,4
Dependency-Check Maven Plugin/dependency-check-core,org.owasp.dependencycheck,Engine,370,1000,43,97,98,252,50,70,15,35
Dependency-Check Maven Plugin/dependency-check-core,org.owasp.dependencycheck,AnalysisTask,52,57,0,4,9,16,0,6,0,4
Dependency-Check Maven Plugin/dependency-check-core,org.owasp.dependencycheck.analyzer,AbstractSuppressionAnalyzer,240,167,15,15,55,46,15,10,3,7
Dependency-Check Maven Plugin/dependency-check-core,org.owasp.dependencycheck.analyzer,CentralAnalyzer,146,241,15,21,47,67,13,18,1,12
Dependency-Check Maven Plugin/dependency-check-core,org.owasp.dependencycheck.analyzer,FalsePositiveAnalyzer,476,742,122,130,88,166,85,57,0,16
Dependency-Check Maven Plugin/dependency-check-core,org.owasp.dependencycheck.analyzer,RubyGemspecAnalyzer,354,24,42,0,77,6,29,3,8,3
Dependency-Check Maven Plugin/dependency-check-core,org.owasp.dependencycheck.analyzer,FileNameAnalyzer,0,149,2,8,0,20,2,9,0,6
Dependency-Check Maven Plugin/dependency-check-core,org.owasp.dependencycheck.analyzer,VersionFilterAnalyzer,0,249,3,67,0,39,3,38,0,6
Dependency-Check Maven Plugin/dependency-check-core,org.owasp.dependencycheck.analyzer,NodeAuditAnalyzer,244,29,14,0,58,8,9,6,2,6
Dependency-Check Maven Plugin/dependency-check-core,org.owasp.dependencycheck.analyzer,OpenSSLAnalyzer,25,177,8,6,3,32,7,10,0,10
Dependency-Check Maven Plugin/dependency-check-core,org.owasp.dependencycheck.analyzer,AnalysisPhase,0,114,0,0,0,12,0,1,0,1
Dependency-Check Maven Plugin/dependency-check-core,org.owasp.dependencycheck.analyzer,ComposerLockAnalyzer,164,19,2,0,32,4,6,3,5,3
Dependency-Check Maven Plugin/dependency-check-core,org.owasp.dependencycheck.analyzer,RubyGemspecAnalyzer.new FilenameFilter() {...},10,0,0,0,2,0,2,0,2,0
Dependency-Check Maven Plugin/dependency-check-core,org.owasp.dependencycheck.analyzer,AbstractFileTypeAnalyzer,6,62,1,7,1,21,1,10,0,7
Dependency-Check Maven Plugin/dependency-check-core,org.owasp.dependencycheck.analyzer,CMakeAnalyzer,226,34,10,0,59,7,11,3,6,3
Dependency-Check Maven Plugin/dependency-check-core,org.owasp.dependencycheck.analyzer,RetireJsAnalyzer,185,339,22,27,37,78,17,19,0,10
Dependency-Check Maven Plugin/dependency-check-core,org.owasp.dependencycheck.analyzer,CPEAnalyzer,278,1147,41,147,67,250,33,81,1,19
Dependency-Check Maven Plugin/dependency-check-core,org.owasp.dependencycheck.analyzer,SwiftPackageManagerAnalyzer,155,22,20,0,39,5,17,3,7,3
Dependency-Check Maven Plugin/dependency-check-core,org.owasp.dependencycheck.analyzer,CPEAnalyzer.IdentifierMatch,123,46,20,0,22,13,16,5,6,5
Dependency-Check Maven Plugin/dependency-check-core,org.owasp.dependencycheck.analyzer,AutoconfAnalyzer,226,66,34,0,52,10,25,3,8,3
Dependency-Check Maven Plugin/dependency-check-core,org.owasp.dependencycheck.analyzer,ArchiveAnalyzer,469,777,73,83,99,169,57,42,0,21
Dependency-Check Maven Plugin/dependency-check-core,org.owasp.dependencycheck.analyzer,NvdCveAnalyzer,12,69,1,7,4,20,1,8,0,5
Dependency-Check Maven Plugin/dependency-check-core,org.owasp.dependencycheck.analyzer,DependencyBundlingAnalyzer,447,549,146,112,105,115,107,44,7,15
Dependency-Check Maven Plugin/dependency-check-core,org.owasp.dependencycheck.analyzer,PythonDistributionAnalyzer,421,91,56,0,106,14,40,3,12,3
Dependency-Check Maven Plugin/dependency-check-core,org.owasp.dependencycheck.analyzer,MSBuildProjectAnalyzer,210,27,10,0,41,6,10,3,5,3
Dependency-Check Maven Plugin/dependency-check-core,org.owasp.dependencycheck.analyzer,DependencyMergingAnalyzer,231,99,60,16,55,25,39,11,1,11
Dependency-Check Maven Plugin/dependency-check-core,org.owasp.dependencycheck.analyzer,RubyBundleAuditAnalyzer,728,130,77,5,180,34,48,8,7,8
Dependency-Check Maven Plugin/dependency-check-core,org.owasp.dependencycheck.analyzer,AbstractDependencyComparingAnalyzer,3,84,0,14,1,21,1,11,1,4
Dependency-Check Maven Plugin/dependency-check-core,org.owasp.dependencycheck.analyzer,AnalyzerService,10,85,3,9,4,24,4,7,1,4
Dependency-Check Maven Plugin/dependency-check-core,org.owasp.dependencycheck.analyzer,RubyBundlerAnalyzer,138,3,30,0,29,1,18,1,3,1
Dependency-Check Maven Plugin/dependency-check-core,org.owasp.dependencycheck.analyzer,CocoaPodsAnalyzer,366,31,30,0,86,6,24,3,9,3
Dependency-Check Maven Plugin/dependency-check-core,org.owasp.dependencycheck.analyzer,PythonPackageAnalyzer,263,60,20,0,56,14,19,4,9,4
Dependency-Check Maven Plugin/dependency-check-core,org.owasp.dependencycheck.analyzer,VulnerabilitySuppressionAnalyzer,0,12,0,0,0,5,0,5,0,5
Dependency-Check Maven Plugin/dependency-check-core,org.owasp.dependencycheck.analyzer,CPEAnalyzer.IdentifierConfidence,0,34,0,0,0,4,0,1,0,1
Dependency-Check Maven Plugin/dependency-check-core,org.owasp.dependencycheck.analyzer,RubyBundlerAnalyzer.new FilenameFilter() {...},14,0,0,0,2,0,2,0,2,0
Dependency-Check Maven Plugin/dependency-check-core,org.owasp.dependencycheck.analyzer,NugetconfAnalyzer,208,21,6,0,40,5,8,3,5,3
Dependency-Check Maven Plugin/dependency-check-core,org.owasp.dependencycheck.analyzer,AbstractAnalyzer,17,65,0,6,4,25,0,15,0,12
Dependency-Check Maven Plugin/dependency-check-core,org.owasp.dependencycheck.analyzer,NexusAnalyzer,227,56,29,1,62,18,18,9,3,9
Dependency-Check Maven Plugin/dependency-check-core,org.owasp.dependencycheck.analyzer,JarAnalyzer.ClassNameInformation,7,71,0,8,3,17,2,6,2,2
Dependency-Check Maven Plugin/dependency-check-core,org.owasp.dependencycheck.analyzer,AbstractNpmAnalyzer,693,15,79,1,125,5,47,3,7,3
Dependency-Check Maven Plugin/dependency-check-core,org.owasp.dependencycheck.analyzer,AssemblyAnalyzer,378,169,43,5,110,44,26,9,2,9
Dependency-Check Maven Plugin/dependency-check-core,org.owasp.dependencycheck.analyzer,JarAnalyzer,441,2464,124,292,88,478,112,125,1,28
Dependency-Check Maven Plugin/dependency-check-core,org.owasp.dependencycheck.analyzer,ArtifactoryAnalyzer,200,40,20,0,54,12,14,8,4,8
Dependency-Check Maven Plugin/dependency-check-core,org.owasp.dependencycheck.analyzer,CpeSuppressionAnalyzer,4,8,0,0,2,3,2,3,2,3
Dependency-Check Maven Plugin/dependency-check-core,org.owasp.dependencycheck.analyzer,NuspecAnalyzer,12,142,3,5,4,32,3,9,0,8
Dependency-Check Maven Plugin/dependency-check-core,org.owasp.dependencycheck.analyzer,HintAnalyzer,253,331,32,44,64,73,20,28,1,9
Dependency-Check Maven Plugin/dependency-check-core,org.owasp.dependencycheck.analyzer,NodePackageAnalyzer,484,31,52,0,105,9,30,6,4,6
Dependency-Check Maven Plugin/dependency-check-core,org.owasp.dependencycheck.analyzer.exception,ArchiveExtractionException,12,4,0,0,6,2,3,1,3,1
Dependency-Check Maven Plugin/dependency-check-core,org.owasp.dependencycheck.analyzer.exception,SearchException,16,0,0,0,8,0,4,0,4,0
Dependency-Check Maven Plugin/dependency-check-core,org.owasp.dependencycheck.analyzer.exception,AnalysisException,11,5,0,0,6,2,3,1,3,1
Dependency-Check Maven Plugin/dependency-check-core,org.owasp.dependencycheck.xml,XmlInputStream,107,246,17,31,15,52,15,21,2,10
Dependency-Check Maven Plugin/dependency-check-core,org.owasp.dependencycheck.xml,XmlEntity,4,1547,2,2,2,260,2,2,0,2
Dependency-Check Maven Plugin/dependency-check-core,org.owasp.dependencycheck.xml.hints,HintHandler.ParentType,0,34,0,0,0,4,0,1,0,1
Dependency-Check Maven Plugin/dependency-check-core,org.owasp.dependencycheck.xml.hints,HintRule,26,177,0,0,4,37,2,19,2,19
Dependency-Check Maven Plugin/dependency-check-core,org.owasp.dependencycheck.xml.hints,HintHandler,24,251,14,30,8,65,14,20,0,5
Dependency-Check Maven Plugin/dependency-check-core,org.owasp.dependencycheck.xml.hints,HintParser,59,85,2,0,18,20,2,5,1,5
Dependency-Check Maven Plugin/dependency-check-core,org.owasp.dependencycheck.xml.hints,HintParseException,16,0,0,0,8,0,4,0,4,0
Dependency-Check Maven Plugin/dependency-check-core,org.owasp.dependencycheck.xml.hints,HintErrorHandler,17,7,0,0,4,2,3,2,3,2
Dependency-Check Maven Plugin/dependency-check-core,org.owasp.dependencycheck.xml.hints,VendorDuplicatingHintRule,8,15,0,0,4,6,2,3,2,3
Dependency-Check Maven Plugin/dependency-check-core,org.owasp.dependencycheck.xml.hints,EvidenceMatcher,47,84,2,16,6,17,8,12,6,5
Dependency-Check Maven Plugin/dependency-check-core,org.owasp.dependencycheck.agent,DependencyCheckScanAgent,839,0,44,0,242,0,102,0,80,0
Dependency-Check Maven Plugin/dependency-check-core,org.owasp.dependencycheck.data.artifactory,ArtifactorySearch,462,0,28,0,88,0,22,0,8,0
Dependency-Check Maven Plugin/dependency-check-core,org.owasp.dependencycheck.data.nuget,MSBuildProjectParseException,12,0,0,0,6,0,3,0,3,0
Dependency-Check Maven Plugin/dependency-check-core,org.owasp.dependencycheck.data.nuget,NugetPackage,116,31,24,0,17,13,14,9,2,9
Dependency-Check Maven Plugin/dependency-check-core,org.owasp.dependencycheck.data.nuget,XPathNuspecParser,12,97,4,6,3,19,4,4,0,3
Dependency-Check Maven Plugin/dependency-check-core,org.owasp.dependencycheck.data.nuget,XPathNugetconfParser,82,0,8,0,21,0,6,0,2,0
Dependency-Check Maven Plugin/dependency-check-core,org.owasp.dependencycheck.data.nuget,XPathMSBuildProjectParser,82,0,8,0,21,0,6,0,2,0
Dependency-Check Maven Plugin/dependency-check-core,org.owasp.dependencycheck.data.nuget,NugetconfParseException,12,0,0,0,6,0,3,0,3,0
Dependency-Check Maven Plugin/dependency-check-core,org.owasp.dependencycheck.data.nuget,NugetPackageReference,65,17,14,0,11,7,9,5,2,5
Dependency-Check Maven Plugin/dependency-check-core,org.owasp.dependencycheck.data.nuget,NuspecParseException,12,0,0,0,6,0,3,0,3,0
Dependency-Check Maven Plugin/dependency-check-core,org.owasp.dependencycheck.data.update.cpe,CPEHandler,136,0,16,0,32,0,14,0,6,0
Dependency-Check Maven Plugin/dependency-check-core,org.owasp.dependencycheck.data.update.cpe,Cpe,77,0,2,0,19,0,9,0,8,0
Dependency-Check Maven Plugin/dependency-check-core,org.owasp.dependencycheck.data.update.cpe,CPEHandler.Element,73,0,0,0,17,0,15,0,15,0
Dependency-Check Maven Plugin/dependency-check-core,org.owasp.dependencycheck.utils,Filter.FilterIterator,8,52,2,8,2,17,3,7,1,4
Dependency-Check Maven Plugin/dependency-check-core,org.owasp.dependencycheck.utils,ExtractionUtil,601,63,58,4,128,12,38,2,7,2
Dependency-Check Maven Plugin/dependency-check-core,org.owasp.dependencycheck.utils,H2DBShutdownHook,0,3,0,0,0,1,0,1,0,1
Dependency-Check Maven Plugin/dependency-check-core,org.owasp.dependencycheck.utils,UrlStringUtils,11,174,3,15,1,27,2,11,0,4
Dependency-Check Maven Plugin/dependency-check-core,org.owasp.dependencycheck.utils,H2DBShutdownHookFactory,9,16,0,0,3,4,0,2,0,2
Dependency-Check Maven Plugin/dependency-check-core,org.owasp.dependencycheck.utils,DependencyVersion,37,331,12,58,12,81,12,34,2,9
Dependency-Check Maven Plugin/dependency-check-core,org.owasp.dependencycheck.utils,Filter,0,16,0,0,0,3,0,3,0,3
Dependency-Check Maven Plugin/dependency-check-core,org.owasp.dependencycheck.utils,H2DBLock,193,279,35,23,43,66,31,8,2,8
Dependency-Check Maven Plugin/dependency-check-core,org.owasp.dependencycheck.utils,Pair,41,75,13,7,9,17,13,5,3,5
Dependency-Check Maven Plugin/dependency-check-core,org.owasp.dependencycheck.utils,DependencyVersionUtil,14,105,5,21,2,32,4,13,0,4
Dependency-Check Maven Plugin/dependency-check-core,org.owasp.dependencycheck.utils,Filter.new Iterable() {...},0,16,0,0,0,2,0,2,0,2
Dependency-Check Maven Plugin/dependency-check-core,org.owasp.dependencycheck.utils,DateUtil,0,21,0,2,0,2,0,2,0,1
Dependency-Check Maven Plugin/dependency-check-core,org.owasp.dependencycheck.utils,FileFilterBuilder,9,132,3,13,1,24,2,13,0,7
Dependency-Check Maven Plugin/dependency-check-core,org.owasp.dependencycheck.utils,H2DBCleanupHook,15,20,2,0,6,8,2,4,1,4
Dependency-Check Maven Plugin/dependency-check-core,org.owasp.dependencycheck.utils,DBUtils,23,40,3,7,7,16,3,6,0,4
Dependency-Check Maven Plugin/dependency-check-core,org.owasp.dependencycheck.data.update.nvd,DownloadTask,129,227,37,17,25,43,28,8,1,8
Dependency-Check Maven Plugin/dependency-check-core,org.owasp.dependencycheck.data.update.nvd,ProcessTask,14,104,0,0,6,30,1,6,1,6
Dependency-Check Maven Plugin/dependency-check-core,org.owasp.dependencycheck.data.update.nvd,NvdCve12Handler,15,236,4,30,1,51,4,17,0,4
Dependency-Check Maven Plugin/dependency-check-core,org.owasp.dependencycheck.data.update.nvd,NvdCve12Handler.Element,8,27,0,0,2,7,2,6,2,6
Dependency-Check Maven Plugin/dependency-check-core,org.owasp.dependencycheck.data.update.nvd,NvdCve20Handler,37,501,6,80,9,110,8,45,2,8
Dependency-Check Maven Plugin/dependency-check-core,org.owasp.dependencycheck.data.update.nvd,NvdCveInfo,0,41,0,0,0,17,0,11,0,11
Dependency-Check Maven Plugin/dependency-check-core,org.owasp.dependencycheck.data.update.nvd,NvdCve20Handler.Element,3,82,0,0,1,18,1,17,1,17
Dependency-Check Maven Plugin/dependency-check-core,org.owasp.dependencycheck.data.update.nvd,UpdateableNvdCve,21,90,1,3,5,23,4,10,3,9
Dependency-Check Maven Plugin/dependency-check-core,org.owasp.dependencycheck.data.update.nvd,NvdCve20Handler.AttributeValues,3,0,0,0,1,0,1,0,1,0
Dependency-Check Maven Plugin/dependency-check-core,org.owasp.dependencycheck.data.cpe,IndexEntry,126,53,25,7,20,15,21,8,6,7
Dependency-Check Maven Plugin/dependency-check-core,org.owasp.dependencycheck.data.cpe,IndexException,16,0,0,0,8,0,4,0,4,0
Dependency-Check Maven Plugin/dependency-check-core,org.owasp.dependencycheck.data.cpe,CpeMemoryIndex,51,275,13,11,14,67,13,12,2,11
Dependency-Check Maven Plugin/dependency-check-core,org.owasp.dependencycheck.xml.suppression,SuppressionErrorHandler,17,7,0,0,4,2,3,2,3,2
Dependency-Check Maven Plugin/dependency-check-core,org.owasp.dependencycheck.xml.suppression,SuppressionHandler,39,166,12,18,8,45,11,15,0,7
Dependency-Check Maven Plugin/dependency-check-core,org.owasp.dependencycheck.xml.suppression,SuppressionParser,47,87,2,0,14,17,1,4,0,4
Dependency-Check Maven Plugin/dependency-check-core,org.owasp.dependencycheck.xml.suppression,SuppressionParseException,16,0,0,0,8,0,4,0,4,0
Dependency-Check Maven Plugin/dependency-check-core,org.owasp.dependencycheck.xml.suppression,SuppressionRule,344,381,56,70,78,97,53,47,19,18
Dependency-Check Maven Plugin/dependency-check-core,org.owasp.dependencycheck.xml.suppression,PropertyType,116,58,22,6,18,20,15,10,3,8
Dependency-Check Maven Plugin/dependency-check-core,org.owasp.dependencycheck.data.nexus,MavenArtifact,90,113,1,3,31,15,11,8,10,7
Dependency-Check Maven Plugin/dependency-check-core,org.owasp.dependencycheck.data.nexus,NexusSearch,232,0,19,0,60,0,14,0,4,0
Dependency-Check Maven Plugin/dependency-check-utils,org.owasp.dependencycheck.utils.search,FileContentSearch,75,0,8,0,14,0,6,0,2,0
Dependency-Check Maven Plugin/dependency-check-utils,org.owasp.dependencycheck.utils,FileUtils,40,66,8,8,10,17,8,7,1,6
Dependency-Check Maven Plugin/dependency-check-utils,org.owasp.dependencycheck.utils,Settings,497,302,62,28,105,77,57,25,17,20
Dependency-Check Maven Plugin/dependency-check-utils,org.owasp.dependencycheck.utils,ExpectedObjectInputStream,32,0,2,0,7,0,3,0,2,0
Dependency-Check Maven Plugin/dependency-check-utils,org.owasp.dependencycheck.utils,SSLSocketFactoryEx,175,119,6,6,40,32,15,7,11,5
Dependency-Check Maven Plugin/dependency-check-utils,org.owasp.dependencycheck.utils,InvalidSettingException,16,0,0,0,8,0,4,0,4,0
Dependency-Check Maven Plugin/dependency-check-utils,org.owasp.dependencycheck.utils,URLConnectionFactory.new Authenticator() {...},58,0,6,0,10,0,5,0,2,0
Dependency-Check Maven Plugin/dependency-check-utils,org.owasp.dependencycheck.utils,URLConnectionFailureException,16,0,0,0,8,0,4,0,4,0
Dependency-Check Maven Plugin/dependency-check-utils,org.owasp.dependencycheck.utils,URLConnectionFactory,184,92,40,4,40,30,22,6,1,5
Dependency-Check Maven Plugin/dependency-check-utils,org.owasp.dependencycheck.utils,Downloader,482,194,37,17,92,55,26,10,1,8
Dependency-Check Maven Plugin/dependency-check-utils,org.owasp.dependencycheck.utils,ExtractionException,16,0,0,0,8,0,4,0,4,0
Dependency-Check Maven Plugin/dependency-check-utils,org.owasp.dependencycheck.utils,DownloadFailedException,16,0,0,0,8,0,4,0,4,0
Dependency-Check Maven Plugin/dependency-check-utils,org.owasp.dependencycheck.utils,XmlUtils,72,79,9,2,12,25,6,5,1,4
Dependency-Check Maven Plugin/dependency-check-utils,org.owasp.dependencycheck.utils,Checksum,70,125,2,6,20,26,8,8,6,6
